# JRE version: OpenJDK Runtime Environment (17.0.11) (build 17.0.11+0--11852314)
# Java VM: OpenJDK 64-Bit Server VM (17.0.11+0--11852314, mixed mode, tiered, compressed oops, compressed class ptrs, g1 gc, windows-amd64)
GC Precious Log:
 CPUs: 8 total, 8 available
 Memory: 15695M
 Large Page Support: Disabled
 NUMA Support: Disabled
 Compressed Oops: Enabled (32-bit)
 Heap Region Size: 1M
 Heap Min Capacity: 8M
 Heap Initial Capacity: 246M
 Heap Max Capacity: 2G
 Pre-touch: Disabled
 Parallel Workers: 8
 Concurrent Workers: 2
 Concurrent Refinement Workers: 8
 Periodic GC: Disabled
Heap:
 garbage-first heap   total 373760K, used 317584K [0x0000000080000000, 0x0000000100000000)
  region size 1024K, 11 young (11264K), 3 survivors (3072K)
 Metaspace       used 192153K, committed 193472K, reserved 1245184K
  class space    used 24776K, committed 25408K, reserved 1048576K
GC Heap History (20 events):
Event: 3741.813 GC heap before
{Heap before GC invocations=75 (full 0):
 garbage-first heap   total 373760K, used 324172K [0x0000000080000000, 0x0000000100000000)
  region size 1024K, 35 young (35840K), 3 survivors (3072K)
 Metaspace       used 188184K, committed 189376K, reserved 1245184K
  class space    used 24181K, committed 24768K, reserved 1048576K
}
Event: 3741.815 GC heap after
{Heap after GC invocations=76 (full 0):
 garbage-first heap   total 373760K, used 292417K [0x0000000080000000, 0x0000000100000000)
  region size 1024K, 3 young (3072K), 3 survivors (3072K)
 Metaspace       used 188184K, committed 189376K, reserved 1245184K
  class space    used 24181K, committed 24768K, reserved 1048576K
}
Event: 5631.809 GC heap before
{Heap before GC invocations=76 (full 0):
 garbage-first heap   total 373760K, used 325185K [0x0000000080000000, 0x0000000100000000)
  region size 1024K, 36 young (36864K), 3 survivors (3072K)
 Metaspace       used 188194K, committed 189440K, reserved 1245184K
  class space    used 24181K, committed 24768K, reserved 1048576K
}
Event: 5631.811 GC heap after
{Heap after GC invocations=77 (full 0):
 garbage-first heap   total 373760K, used 292371K [0x0000000080000000, 0x0000000100000000)
  region size 1024K, 3 young (3072K), 3 survivors (3072K)
 Metaspace       used 188194K, committed 189440K, reserved 1245184K
  class space    used 24181K, committed 24768K, reserved 1048576K
}
Event: 7596.486 GC heap before
{Heap before GC invocations=77 (full 0):
 garbage-first heap   total 373760K, used 327187K [0x0000000080000000, 0x0000000100000000)
  region size 1024K, 37 young (37888K), 3 survivors (3072K)
 Metaspace       used 188200K, committed 189440K, reserved 1245184K
  class space    used 24181K, committed 24768K, reserved 1048576K
}
Event: 7596.488 GC heap after
{Heap after GC invocations=78 (full 0):
 garbage-first heap   total 373760K, used 292364K [0x0000000080000000, 0x0000000100000000)
  region size 1024K, 3 young (3072K), 3 survivors (3072K)
 Metaspace       used 188200K, committed 189440K, reserved 1245184K
  class space    used 24181K, committed 24768K, reserved 1048576K
}
Event: 8935.252 GC heap before
{Heap before GC invocations=78 (full 0):
 garbage-first heap   total 373760K, used 328204K [0x0000000080000000, 0x0000000100000000)
  region size 1024K, 38 young (38912K), 3 survivors (3072K)
 Metaspace       used 188221K, committed 189440K, reserved 1245184K
  class space    used 24183K, committed 24768K, reserved 1048576K
}
Event: 8935.254 GC heap after
{Heap after GC invocations=79 (full 0):
 garbage-first heap   total 373760K, used 292847K [0x0000000080000000, 0x0000000100000000)
  region size 1024K, 3 young (3072K), 3 survivors (3072K)
 Metaspace       used 188221K, committed 189440K, reserved 1245184K
  class space    used 24183K, committed 24768K, reserved 1048576K
}
Event: 8935.851 GC heap before
{Heap before GC invocations=79 (full 0):
 garbage-first heap   total 373760K, used 328687K [0x0000000080000000, 0x0000000100000000)
  region size 1024K, 39 young (39936K), 3 survivors (3072K)
 Metaspace       used 188555K, committed 189824K, reserved 1245184K
  class space    used 24211K, committed 24832K, reserved 1048576K
}
Event: 8935.858 GC heap after
{Heap after GC invocations=80 (full 0):
 garbage-first heap   total 373760K, used 296909K [0x0000000080000000, 0x0000000100000000)
  region size 1024K, 5 young (5120K), 5 survivors (5120K)
 Metaspace       used 188555K, committed 189824K, reserved 1245184K
  class space    used 24211K, committed 24832K, reserved 1048576K
}
Event: 8936.311 GC heap before
{Heap before GC invocations=80 (full 0):
 garbage-first heap   total 373760K, used 328653K [0x0000000080000000, 0x0000000100000000)
  region size 1024K, 36 young (36864K), 5 survivors (5120K)
 Metaspace       used 189756K, committed 191040K, reserved 1245184K
  class space    used 24389K, committed 25024K, reserved 1048576K
}
Event: 8936.319 GC heap after
{Heap after GC invocations=81 (full 0):
 garbage-first heap   total 373760K, used 300619K [0x0000000080000000, 0x0000000100000000)
  region size 1024K, 4 young (4096K), 4 survivors (4096K)
 Metaspace       used 189756K, committed 191040K, reserved 1245184K
  class space    used 24389K, committed 25024K, reserved 1048576K
}
Event: 8936.654 GC heap before
{Heap before GC invocations=81 (full 0):
 garbage-first heap   total 373760K, used 328267K [0x0000000080000000, 0x0000000100000000)
  region size 1024K, 31 young (31744K), 4 survivors (4096K)
 Metaspace       used 190773K, committed 192064K, reserved 1245184K
  class space    used 24520K, committed 25152K, reserved 1048576K
}
Event: 8936.659 GC heap after
{Heap after GC invocations=82 (full 0):
 garbage-first heap   total 373760K, used 303456K [0x0000000080000000, 0x0000000100000000)
  region size 1024K, 3 young (3072K), 3 survivors (3072K)
 Metaspace       used 190773K, committed 192064K, reserved 1245184K
  class space    used 24520K, committed 25152K, reserved 1048576K
}
Event: 8937.024 GC heap before
{Heap before GC invocations=82 (full 0):
 garbage-first heap   total 373760K, used 328032K [0x0000000080000000, 0x0000000100000000)
  region size 1024K, 28 young (28672K), 3 survivors (3072K)
 Metaspace       used 191342K, committed 192640K, reserved 1245184K
  class space    used 24639K, committed 25280K, reserved 1048576K
}
Event: 8937.029 GC heap after
{Heap after GC invocations=83 (full 0):
 garbage-first heap   total 373760K, used 307136K [0x0000000080000000, 0x0000000100000000)
  region size 1024K, 4 young (4096K), 4 survivors (4096K)
 Metaspace       used 191342K, committed 192640K, reserved 1245184K
  class space    used 24639K, committed 25280K, reserved 1048576K
}
Event: 8937.263 GC heap before
{Heap before GC invocations=83 (full 0):
 garbage-first heap   total 373760K, used 326592K [0x0000000080000000, 0x0000000100000000)
  region size 1024K, 24 young (24576K), 4 survivors (4096K)
 Metaspace       used 191630K, committed 192896K, reserved 1245184K
  class space    used 24697K, committed 25344K, reserved 1048576K
}
Event: 8937.267 GC heap after
{Heap after GC invocations=84 (full 0):
 garbage-first heap   total 373760K, used 309288K [0x0000000080000000, 0x0000000100000000)
  region size 1024K, 3 young (3072K), 3 survivors (3072K)
 Metaspace       used 191630K, committed 192896K, reserved 1245184K
  class space    used 24697K, committed 25344K, reserved 1048576K
}
Event: 8937.473 GC heap before
{Heap before GC invocations=84 (full 0):
 garbage-first heap   total 373760K, used 328744K [0x0000000080000000, 0x0000000100000000)
  region size 1024K, 22 young (22528K), 3 survivors (3072K)
 Metaspace       used 192129K, committed 193472K, reserved 1245184K
  class space    used 24775K, committed 25408K, reserved 1048576K
}
Event: 8937.476 GC heap after
{Heap after GC invocations=85 (full 0):
 garbage-first heap   total 373760K, used 310416K [0x0000000080000000, 0x0000000100000000)
  region size 1024K, 3 young (3072K), 3 survivors (3072K)
 Metaspace       used 192129K, committed 193472K, reserved 1245184K
  class space    used 24775K, committed 25408K, reserved 1048576K
}

